<?xml version="1.0" encoding="UTF-8"?>
<!-- Generated by org.testng.reporters.JUnitXMLReporter -->
<testsuite ignored="0" hostname="ENPPHMANL0117" failures="0" tests="13" name="Command line test" time="73.875" errors="0" timestamp="2020-11-23T21:26:12 CST">
  <testcase classname="pageTest.LoginTest" name="@BeforeTest initializeBrowser" time="7.137">
    <failure type="java.lang.NullPointerException" message="null value in entry: url=null">
      <![CDATA[java.lang.NullPointerException: null value in entry: url=null
at com.google.common.collect.CollectPreconditions.checkEntryNotNull(CollectPreconditions.java:32)
at com.google.common.collect.SingletonImmutableBiMap.<init>(SingletonImmutableBiMap.java:42)
at com.google.common.collect.ImmutableBiMap.of(ImmutableBiMap.java:72)
at com.google.common.collect.ImmutableMap.of(ImmutableMap.java:124)
at org.openqa.selenium.remote.RemoteWebDriver.get(RemoteWebDriver.java:277)
at pageTest.LoginTest.initializeBrowser(LoginTest.java:22)
... Removed 34 stack frames]]>
    </failure>
  </testcase> <!-- @BeforeTest initializeBrowser -->
  <testcase classname="pageTest.NavigateBrandLandingPagesTest" name="@BeforeTest initializeBrowser" time="-1.606137971896E9">
    <skipped/>
  </testcase> <!-- @BeforeTest initializeBrowser -->
  <testcase classname="pageTest.NavigateCorporateColumnTest" name="@BeforeTest initializeBrowser" time="-1.606137971897E9">
    <skipped/>
  </testcase> <!-- @BeforeTest initializeBrowser -->
  <testcase classname="pageTest.NavigateResourcesColumnTest" name="@BeforeTest initializeBrowser" time="-1.606137971897E9">
    <skipped/>
  </testcase> <!-- @BeforeTest initializeBrowser -->
  <testcase classname="pageTest.NavigateSocialMediaTest" name="@BeforeTest initializeBrowser" time="-1.606137971898E9">
    <skipped/>
  </testcase> <!-- @BeforeTest initializeBrowser -->
  <testcase classname="pageTest.NavigateSupportColumnTest" name="@BeforeTest initializeBrowser" time="-1.606137971898E9">
    <skipped/>
  </testcase> <!-- @BeforeTest initializeBrowser -->
  <testcase classname="pageTest.CreateConsultantTest" name="@AfterTest tearDown" time="-1.606137972065E9">
    <skipped/>
  </testcase> <!-- @AfterTest tearDown -->
  <testcase classname="pageTest.CreateGeneralTest" name="@AfterTest tearDown" time="-1.606137972065E9">
    <skipped/>
  </testcase> <!-- @AfterTest tearDown -->
  <testcase classname="pageTest.EloquaFormTest" name="@AfterTest tearDown" time="-1.606137972065E9">
    <skipped/>
  </testcase> <!-- @AfterTest tearDown -->
  <testcase classname="pageTest.LoginNegativeValidationTest" name="@AfterTest tearDown" time="-1.606137972065E9">
    <skipped/>
  </testcase> <!-- @AfterTest tearDown -->
  <testcase classname="pageTest.LoginTest" name="@AfterTest tearDown" time="-1.606137972066E9">
    <skipped/>
  </testcase> <!-- @AfterTest tearDown -->
  <testcase classname="pageTest.NavigateBrandLandingPagesTest" name="@AfterTest tearDown" time="-1.606137972066E9">
    <skipped/>
  </testcase> <!-- @AfterTest tearDown -->
  <testcase classname="pageTest.NavigateCorporateColumnTest" name="@AfterTest tearDown" time="-1.606137972067E9">
    <skipped/>
  </testcase> <!-- @AfterTest tearDown -->
  <testcase classname="pageTest.NavigateResourcesColumnTest" name="@AfterTest tearDown" time="-1.606137972068E9">
    <skipped/>
  </testcase> <!-- @AfterTest tearDown -->
  <testcase classname="pageTest.NavigateSocialMediaTest" name="@AfterTest tearDown" time="-1.606137972068E9">
    <skipped/>
  </testcase> <!-- @AfterTest tearDown -->
  <testcase classname="pageTest.NavigateSupportColumnTest" name="@AfterTest tearDown" time="-1.606137972068E9">
    <skipped/>
  </testcase> <!-- @AfterTest tearDown -->
  <testcase classname="pageTest.CreateConsultantTest" name="createConsultant" time="0.0">
    <skipped/>
  </testcase> <!-- createConsultant -->
  <testcase classname="pageTest.CreateGeneralTest" name="createGeneral" time="0.0">
    <skipped/>
  </testcase> <!-- createGeneral -->
  <testcase classname="pageTest.EloquaFormTest" name="login" time="0.0">
    <skipped/>
  </testcase> <!-- login -->
  <testcase classname="pageTest.EloquaFormTest" name="eloquaWithAttachment" time="0.0">
    <skipped/>
  </testcase> <!-- eloquaWithAttachment -->
  <testcase classname="pageTest.LoginNegativeValidationTest" name="loginNegativeValidation1" time="0.0">
    <skipped/>
  </testcase> <!-- loginNegativeValidation1 -->
  <testcase classname="pageTest.LoginTest" name="login_homepage" time="0.0">
    <skipped/>
  </testcase> <!-- login_homepage -->
  <testcase classname="pageTest.LoginTest" name="login_page" time="0.0">
    <skipped/>
  </testcase> <!-- login_page -->
  <testcase classname="pageTest.LoginTest" name="distributor_login" time="0.0">
    <skipped/>
  </testcase> <!-- distributor_login -->
  <testcase classname="pageTest.NavigateBrandLandingPagesTest" name="BrandLandingPages" time="0.0">
    <skipped/>
  </testcase> <!-- BrandLandingPages -->
  <testcase classname="pageTest.NavigateCorporateColumnTest" name="CorporateColumnFooter" time="0.0">
    <skipped/>
  </testcase> <!-- CorporateColumnFooter -->
  <testcase classname="pageTest.NavigateResourcesColumnTest" name="ResourcesColumnFooter" time="0.0">
    <skipped/>
  </testcase> <!-- ResourcesColumnFooter -->
  <testcase classname="pageTest.NavigateSocialMediaTest" name="socialMediaLinks" time="0.0">
    <skipped/>
  </testcase> <!-- socialMediaLinks -->
  <testcase classname="pageTest.NavigateSupportColumnTest" name="SupportColumnFooter" time="0.0">
    <skipped/>
  </testcase> <!-- SupportColumnFooter -->
</testsuite> <!-- Command line test -->
