<?xml version="1.0" encoding="UTF-8" ?>
<testsuite tests="29" failures="1" name="TestSuite" time="458.533" errors="0" skipped="28">
  <properties>
    <property name="java.runtime.name" value="Java(TM) SE Runtime Environment"/>
    <property name="java.vm.version" value="14.0.2+12-46"/>
    <property name="sun.boot.library.path" value="C:\Program Files\Java\jdk-14.0.2\bin"/>
    <property name="maven.multiModuleProjectDirectory" value="C:\workspace\VertivAutomationProject"/>
    <property name="java.vm.vendor" value="Oracle Corporation"/>
    <property name="java.vendor.url" value="https://java.oracle.com/"/>
    <property name="guice.disable.misplaced.annotation.check" value="true"/>
    <property name="path.separator" value=";"/>
    <property name="java.vm.name" value="Java HotSpot(TM) 64-Bit Server VM"/>
    <property name="sun.os.patch.level" value=""/>
    <property name="user.script" value=""/>
    <property name="user.country" value="US"/>
    <property name="sun.java.launcher" value="SUN_STANDARD"/>
    <property name="java.vm.specification.name" value="Java Virtual Machine Specification"/>
    <property name="user.dir" value="C:\workspace\VertivAutomationProject"/>
    <property name="java.vm.compressedOopsMode" value="Zero based"/>
    <property name="java.runtime.version" value="14.0.2+12-46"/>
    <property name="os.arch" value="amd64"/>
    <property name="java.io.tmpdir" value="C:\Users\JEREMI~1.DIA\AppData\Local\Temp\"/>
    <property name="line.separator" value="
"/>
    <property name="java.vm.specification.vendor" value="Oracle Corporation"/>
    <property name="user.variant" value=""/>
    <property name="os.name" value="Windows 10"/>
    <property name="classworlds.conf" value="C:\workspace\apache-maven-3.6.3\bin\..\bin\m2.conf"/>
    <property name="sun.jnu.encoding" value="Cp1252"/>
    <property name="java.library.path" value="C:\Program Files\Java\jdk-14.0.2\bin;C:\WINDOWS\Sun\Java\bin;C:\WINDOWS\system32;C:\WINDOWS;C:\Program Files (x86)\Common Files\Oracle\Java\javapath;C:\WINDOWS\system32;C:\WINDOWS;C:\WINDOWS\System32\Wbem;C:\WINDOWS\System32\WindowsPowerShell\v1.0\;C:\Program Files\Intel\WiFi\bin\;C:\Program Files\Common Files\Intel\WirelessCommon\;C:\Program Files\Microsoft SQL Server\Client SDK\ODBC\110\Tools\Binn\;C:\Program Files (x86)\Microsoft SQL Server\120\Tools\Binn\;C:\Program Files\Microsoft SQL Server\120\Tools\Binn\;C:\Program Files\Microsoft SQL Server\120\DTS\Binn\;C:\Program Files (x86)\Microsoft SQL Server\Client SDK\ODBC\130\Tools\Binn\;C:\Program Files (x86)\Microsoft SQL Server\140\Tools\Binn\;C:\Program Files (x86)\Microsoft SQL Server\140\DTS\Binn\;C:\Program Files (x86)\Microsoft SQL Server\140\Tools\Binn\ManagementStudio\;C:\Program Files\dotnet\;C:\Program Files\Microsoft SQL Server\130\Tools\Binn\;C:\Program Files\Git\cmd;C:\php;C:\Apache24;C:\Apache24\bin;C:\WINDOWS\System32\OpenSSH\;C:\Program Files\Java\jdk-14.0.2bin;C:\Users\Jeremiah.Diaz\AppData\Roaming\Microsoft\Windows\Start Menu\Programs\;C:\Program Files\Java\jdk-14.0.2\bin;C:\workspace\apache-maven-3.6.3\bin;C:\Program Files\Java\jdk-14.0.2\bin;C:\Program Files (x86)\Symantec\VIP Access Client\;C:\Program Files (x86)\Intel\Intel(R) Management Engine Components\DAL;C:\Program Files\Intel\Intel(R) Management Engine Components\DAL;C:\Users\Jeremiah.Diaz\AppData\Local\Microsoft\WindowsApps;;."/>
    <property name="maven.conf" value="C:\workspace\apache-maven-3.6.3\bin\../conf"/>
    <property name="jdk.debug" value="release"/>
    <property name="java.class.version" value="58.0"/>
    <property name="java.specification.name" value="Java Platform API Specification"/>
    <property name="sun.management.compiler" value="HotSpot 64-Bit Tiered Compilers"/>
    <property name="os.version" value="10.0"/>
    <property name="library.jansi.path" value="C:\workspace\apache-maven-3.6.3\bin\..\lib\jansi-native"/>
    <property name="user.home" value="C:\Users\Jeremiah.Diaz"/>
    <property name="user.timezone" value="Asia/Shanghai"/>
    <property name="file.encoding" value="Cp1252"/>
    <property name="java.specification.version" value="14"/>
    <property name="user.name" value="Jeremiah.Diaz"/>
    <property name="java.class.path" value="C:\workspace\apache-maven-3.6.3\bin\..\boot\plexus-classworlds-2.6.0.jar"/>
    <property name="java.vm.specification.version" value="14"/>
    <property name="sun.arch.data.model" value="64"/>
    <property name="sun.java.command" value="org.codehaus.plexus.classworlds.launcher.Launcher verify"/>
    <property name="java.home" value="C:\Program Files\Java\jdk-14.0.2"/>
    <property name="user.language" value="en"/>
    <property name="java.specification.vendor" value="Oracle Corporation"/>
    <property name="java.vm.info" value="mixed mode, sharing"/>
    <property name="java.version" value="14.0.2"/>
    <property name="java.vendor" value="Oracle Corporation"/>
    <property name="sun.stderr.encoding" value="cp437"/>
    <property name="maven.home" value="C:\workspace\apache-maven-3.6.3\bin\.."/>
    <property name="file.separator" value="\"/>
    <property name="java.version.date" value="2020-07-14"/>
    <property name="java.vendor.url.bug" value="https://bugreport.java.com/bugreport/"/>
    <property name="sun.io.unicode.encoding" value="UnicodeLittle"/>
    <property name="sun.cpu.endian" value="little"/>
    <property name="sun.stdout.encoding" value="cp437"/>
    <property name="sun.cpu.isalist" value="amd64"/>
  </properties>
  <testcase classname="pageTest.LoginTest" name="initializeBrowser" time="76.393">
    <failure message="null value in entry: url=null" type="java.lang.NullPointerException">java.lang.NullPointerException: null value in entry: url=null
	at com.google.common.collect.CollectPreconditions.checkEntryNotNull(CollectPreconditions.java:32)
	at com.google.common.collect.SingletonImmutableBiMap.&lt;init&gt;(SingletonImmutableBiMap.java:42)
	at com.google.common.collect.ImmutableBiMap.of(ImmutableBiMap.java:72)
	at com.google.common.collect.ImmutableMap.of(ImmutableMap.java:124)
	at org.openqa.selenium.remote.RemoteWebDriver.get(RemoteWebDriver.java:277)
	at pageTest.LoginTest.initializeBrowser(LoginTest.java:22)
</failure>
    <system-out>Configuring TestNG with: org.apache.maven.surefire.testng.conf.TestNG652Configurator@6833ce2c
Initialize Chrome
Initialize Chrome
Initialize Chrome
Initialize Chrome
Initialize Chrome
</system-out>
    <system-err>Starting ChromeDriver 86.0.4240.22 (398b0743353ff36fb1b82468f63a3a93b4e2e89e-refs/branch-heads/4240@{#378}) on port 46878
Only local connections are allowed.
Please see https://chromedriver.chromium.org/security-considerations for suggestions on keeping ChromeDriver safe.
ChromeDriver was started successfully.
Nov 23, 2020 9:25:02 PM org.openqa.selenium.remote.ProtocolHandshake createSession
INFO: Detected dialect: W3C
Starting ChromeDriver 86.0.4240.22 (398b0743353ff36fb1b82468f63a3a93b4e2e89e-refs/branch-heads/4240@{#378}) on port 26177
Only local connections are allowed.
Please see https://chromedriver.chromium.org/security-considerations for suggestions on keeping ChromeDriver safe.
ChromeDriver was started successfully.
Nov 23, 2020 9:25:20 PM org.openqa.selenium.remote.ProtocolHandshake createSession
INFO: Detected dialect: W3C
Starting ChromeDriver 86.0.4240.22 (398b0743353ff36fb1b82468f63a3a93b4e2e89e-refs/branch-heads/4240@{#378}) on port 12577
Only local connections are allowed.
Please see https://chromedriver.chromium.org/security-considerations for suggestions on keeping ChromeDriver safe.
ChromeDriver was started successfully.
Nov 23, 2020 9:25:37 PM org.openqa.selenium.remote.ProtocolHandshake createSession
INFO: Detected dialect: W3C
Starting ChromeDriver 86.0.4240.22 (398b0743353ff36fb1b82468f63a3a93b4e2e89e-refs/branch-heads/4240@{#378}) on port 16810
Only local connections are allowed.
Please see https://chromedriver.chromium.org/security-considerations for suggestions on keeping ChromeDriver safe.
ChromeDriver was started successfully.
Nov 23, 2020 9:25:51 PM org.openqa.selenium.remote.ProtocolHandshake createSession
INFO: Detected dialect: W3C
Starting ChromeDriver 86.0.4240.22 (398b0743353ff36fb1b82468f63a3a93b4e2e89e-refs/branch-heads/4240@{#378}) on port 42839
Only local connections are allowed.
Please see https://chromedriver.chromium.org/security-considerations for suggestions on keeping ChromeDriver safe.
ChromeDriver was started successfully.
Nov 23, 2020 9:26:09 PM org.openqa.selenium.remote.ProtocolHandshake createSession
INFO: Detected dialect: W3C
</system-err>
  </testcase>
  <testcase classname="pageTest.NavigateBrandLandingPagesTest" name="initializeBrowser" time="76.422">
    <skipped/>
  </testcase>
  <testcase classname="pageTest.NavigateCorporateColumnTest" name="initializeBrowser" time="76.422">
    <skipped/>
  </testcase>
  <testcase classname="pageTest.NavigateResourcesColumnTest" name="initializeBrowser" time="76.422">
    <skipped/>
  </testcase>
  <testcase classname="pageTest.NavigateSocialMediaTest" name="initializeBrowser" time="76.422">
    <skipped/>
  </testcase>
  <testcase classname="pageTest.NavigateSupportColumnTest" name="initializeBrowser" time="76.423">
    <skipped/>
  </testcase>
  <testcase classname="pageTest.CreateConsultantTest" name="createConsultant" time="0.002">
    <skipped/>
  </testcase>
  <testcase classname="pageTest.CreateGeneralTest" name="createGeneral" time="0">
    <skipped/>
  </testcase>
  <testcase classname="pageTest.EloquaFormTest" name="login" time="0">
    <skipped/>
  </testcase>
  <testcase classname="pageTest.EloquaFormTest" name="eloquaWithAttachment" time="0">
    <skipped/>
  </testcase>
  <testcase classname="pageTest.LoginNegativeValidationTest" name="loginNegativeValidation1" time="0">
    <skipped/>
  </testcase>
  <testcase classname="pageTest.LoginTest" name="login_homepage" time="0">
    <skipped/>
  </testcase>
  <testcase classname="pageTest.LoginTest" name="login_page" time="0">
    <skipped/>
  </testcase>
  <testcase classname="pageTest.LoginTest" name="distributor_login" time="0">
    <skipped/>
  </testcase>
  <testcase classname="pageTest.NavigateBrandLandingPagesTest" name="BrandLandingPages" time="0">
    <skipped/>
  </testcase>
  <testcase classname="pageTest.NavigateCorporateColumnTest" name="CorporateColumnFooter" time="0.001">
    <skipped/>
  </testcase>
  <testcase classname="pageTest.NavigateResourcesColumnTest" name="ResourcesColumnFooter" time="0">
    <skipped/>
  </testcase>
  <testcase classname="pageTest.NavigateSocialMediaTest" name="socialMediaLinks" time="0">
    <skipped/>
  </testcase>
  <testcase classname="pageTest.NavigateSupportColumnTest" name="SupportColumnFooter" time="0">
    <skipped/>
  </testcase>
  <testcase classname="pageTest.CreateConsultantTest" name="tearDown" time="0.001">
    <skipped/>
  </testcase>
  <testcase classname="pageTest.CreateGeneralTest" name="tearDown" time="0.001">
    <skipped/>
  </testcase>
  <testcase classname="pageTest.EloquaFormTest" name="tearDown" time="0.001">
    <skipped/>
  </testcase>
  <testcase classname="pageTest.LoginNegativeValidationTest" name="tearDown" time="0.002">
    <skipped/>
  </testcase>
  <testcase classname="pageTest.LoginTest" name="tearDown" time="0.002">
    <skipped/>
  </testcase>
  <testcase classname="pageTest.NavigateBrandLandingPagesTest" name="tearDown" time="0.003">
    <skipped/>
  </testcase>
  <testcase classname="pageTest.NavigateCorporateColumnTest" name="tearDown" time="0.003">
    <skipped/>
  </testcase>
  <testcase classname="pageTest.NavigateResourcesColumnTest" name="tearDown" time="0.004">
    <skipped/>
  </testcase>
  <testcase classname="pageTest.NavigateSocialMediaTest" name="tearDown" time="0.004">
    <skipped/>
  </testcase>
  <testcase classname="pageTest.NavigateSupportColumnTest" name="tearDown" time="0.005">
    <skipped/>
  </testcase>
</testsuite>